<?xml version="1.0" encoding="UTF-8"?>
<!-- Generated by org.testng.reporters.JUnitXMLReporter -->
<testsuite ignored="0" hostname="DESKTOP-V215THB" failures="0" tests="4" name="TestOnChrome" time="135.609" errors="0" timestamp="2022-12-12T12:12:09 IST">
  <testcase classname="testCases.TestCase_01_SearchForItems" name="searchForItems" time="8.822"/>
  <testcase classname="testCases.TestCase_02_SelectLanguageToDisplay" name="selectLanguage" time="2.758"/>
  <testcase classname="testCases.TestCase_03_CreateAccount" name="createAccountForNewUser" time="5.303"/>
  <testcase classname="testCases.TestCase_04_AddItemToCart" name="addWomenClothingItemToCart" time="59.131"/>
</testsuite> <!-- TestOnChrome -->
